Compiled application.js  (2ms)  (pid 42946)
Compiled jquery.js  (2ms)  (pid 42946)
Compiled jquery_ujs.js  (0ms)  (pid 42946)
Compiled swyp_outs.js  (93ms)  (pid 42946)
Compiled application.css  (1ms)  (pid 42946)
Compiled scaffolds.css  (15ms)  (pid 42946)
Compiled swyp_outs.css  (1ms)  (pid 42946)
Compiled application.js  (3ms)  (pid 42941)
Compiled jquery.js  (4ms)  (pid 42941)
Compiled jquery_ujs.js  (0ms)  (pid 42941)
Compiled swyp_outs.js  (122ms)  (pid 42941)
Compiled application.css  (1ms)  (pid 42941)
Compiled scaffolds.css  (15ms)  (pid 42941)
Compiled swyp_outs.css  (1ms)  (pid 42941)
Compiled application.js  (2ms)  (pid 48672)
Compiled jquery.js  (2ms)  (pid 48672)
Compiled jquery_ujs.js  (0ms)  (pid 48672)
Compiled swyp_outs.js  (111ms)  (pid 48672)
Compiled application.css  (2ms)  (pid 48672)
Compiled scaffolds.css  (19ms)  (pid 48672)
Compiled swyp_outs.css  (1ms)  (pid 48672)
Compiled application.js  (5ms)  (pid 48664)
Compiled jquery.js  (7ms)  (pid 48664)
Compiled jquery_ujs.js  (1ms)  (pid 48664)
Compiled swyp_outs.js  (134ms)  (pid 48664)
Compiled application.css  (2ms)  (pid 48664)
Compiled scaffolds.css  (20ms)  (pid 48664)
Compiled swyp_outs.css  (1ms)  (pid 48664)
Compiled application.js  (2ms)  (pid 48713)
Compiled jquery.js  (2ms)  (pid 48713)
Compiled jquery_ujs.js  (0ms)  (pid 48713)
Compiled swyp_outs.js  (104ms)  (pid 48713)
Compiled application.css  (2ms)  (pid 48713)
Compiled scaffolds.css  (21ms)  (pid 48713)
Compiled swyp_outs.css  (1ms)  (pid 48713)
Compiled application.js  (2ms)  (pid 48706)
Compiled jquery.js  (2ms)  (pid 48706)
Compiled jquery_ujs.js  (0ms)  (pid 48706)
Compiled swyp_outs.js  (108ms)  (pid 48706)
Compiled application.css  (1ms)  (pid 48706)
Compiled scaffolds.css  (20ms)  (pid 48706)
Compiled swyp_outs.css  (2ms)  (pid 48706)
Compiled application.js  (2ms)  (pid 48924)
Compiled jquery.js  (2ms)  (pid 48924)
Compiled jquery_ujs.js  (0ms)  (pid 48924)
Compiled swyp_outs.js  (109ms)  (pid 48924)
Compiled application.css  (3ms)  (pid 48924)
Compiled scaffolds.css  (19ms)  (pid 48924)
Compiled swyp_outs.css  (1ms)  (pid 48924)
Compiled application.js  (2ms)  (pid 48917)
Compiled jquery.js  (2ms)  (pid 48917)
Compiled jquery_ujs.js  (0ms)  (pid 48917)
Compiled swyp_outs.js  (106ms)  (pid 48917)
Compiled application.css  (2ms)  (pid 48917)
Compiled scaffolds.css  (23ms)  (pid 48917)
Compiled swyp_outs.css  (2ms)  (pid 48917)
